[08/06/2021 11:13:17][admin][INSERT INTO clientes VALUES (null, 'llyto', 'alcantara', 'solares')]
[08/06/2021 11:22:04][admin][INSERT INTO producto VALUES (null, 'alcantara', '10.00')]
[08/06/2021 12:11:34][null][SELECT * FROM usuarios WHERE nombreUsuario='admin' AND claveUsuario = SHA2('Studium2020;',256);]
[08/06/2021 12:11:43][admin][DELETE FROM empleados WHERE idEmpleado = 11]
[08/06/2021 12:13:13][null][SELECT * FROM usuarios WHERE nombreUsuario='admin' AND claveUsuario = SHA2('Studium2020;',256);]
[08/06/2021 12:13:36][admin][DELETE FROM empleados WHERE idEmpleado = 12]
[08/06/2021 12:13:37][admin][DELETE FROM empleados WHERE idEmpleado = 12]
[08/06/2021 12:14:59][null][SELECT * FROM usuarios WHERE nombreUsuario='admin' AND claveUsuario = SHA2('Studium2020;',256);]
[08/06/2021 12:15:03][admin][DELETE FROM empleados WHERE idEmpleado = 11]
[08/06/2021 12:16:20][null][SELECT * FROM usuarios WHERE nombreUsuario='admin' AND claveUsuario = SHA2('Studium2020;',256);]
[08/06/2021 12:47:16][null][SELECT * FROM usuarios WHERE nombreUsuario='admin' AND claveUsuario = SHA2('Studium2020;',256);]
[08/06/2021 12:47:19][admin][SELECT * FROM clientes]
[08/06/2021 12:49:26][null][SELECT * FROM usuarios WHERE nombreUsuario='admin' AND claveUsuario = SHA2('Studium2020;',256);]
[08/06/2021 12:49:28][admin][SELECT * FROM clientes]
[08/06/2021 12:49:29][admin][SELECT * FROM clientes;]
[08/06/2021 12:51:12][null][SELECT * FROM usuarios WHERE nombreUsuario='admin' AND claveUsuario = SHA2('Studium2020;',256);]
[08/06/2021 12:51:14][admin][SELECT * FROM clientes]
[08/06/2021 12:51:15][admin][SELECT * FROM clientes;]
[08/06/2021 12:51:15][admin][Generacion PDF clientes]
[08/06/2021 12:51:56][null][SELECT * FROM usuarios WHERE nombreUsuario='admin' AND claveUsuario = SHA2('Studium2020;',256);]
[08/06/2021 12:51:58][admin][SELECT * FROM clientes]
[08/06/2021 12:51:59][admin][SELECT * FROM clientes;]
[08/06/2021 12:52:00][admin][Generacion PDF clientes]
[08/06/2021 13:02:50][null][SELECT * FROM usuarios WHERE nombreUsuario='admin' AND claveUsuario = SHA2('Studium2020;',256);]
[08/06/2021 13:02:52][admin][SELECT * FROM empleados;]
[08/06/2021 13:02:55][admin][SELECT * FROM clientes;]
[08/06/2021 13:02:55][admin][Generacion PDF Empleados]
[08/06/2021 13:03:30][null][SELECT * FROM usuarios WHERE nombreUsuario='admin' AND claveUsuario = SHA2('Studium2020;',256);]
[08/06/2021 13:03:31][admin][SELECT * FROM empleados;]
[08/06/2021 13:03:32][admin][SELECT * FROM empleados;]
[08/06/2021 13:03:33][admin][Generacion PDF Empleados]
[08/06/2021 13:04:02][null][SELECT * FROM usuarios WHERE nombreUsuario='admin' AND claveUsuario = SHA2('Studium2020;',256);]
[08/06/2021 13:04:04][admin][SELECT * FROM empleados;]
[08/06/2021 13:04:05][admin][SELECT * FROM empleados;]
[08/06/2021 13:04:06][admin][Generacion PDF Empleados]
[08/06/2021 13:08:03][null][SELECT * FROM usuarios WHERE nombreUsuario='admin' AND claveUsuario = SHA2('Studium2020;',256);]
[08/06/2021 13:08:05][admin][SELECT * FROM producto;]
[08/06/2021 13:08:07][admin][SELECT * FROM productos;]
[08/06/2021 13:08:08][admin][Generacion PDF Productos]
[08/06/2021 13:08:47][null][SELECT * FROM usuarios WHERE nombreUsuario='admin' AND claveUsuario = SHA2('Studium2020;',256);]
[08/06/2021 13:08:49][admin][SELECT * FROM producto;]
[08/06/2021 13:08:50][admin][SELECT * FROM producto;]
[08/06/2021 13:08:50][admin][Generacion PDF Productos]
[08/06/2021 13:12:13][null][SELECT * FROM usuarios WHERE nombreUsuario='admin' AND claveUsuario = SHA2('Studium2020;',256);]
[08/06/2021 13:12:15][admin][SELECT * FROM servido]
[08/06/2021 13:12:16][admin][SELECT * FROM servido;]
[08/06/2021 13:12:16][admin][Generacion PDF Empleados]
[08/06/2021 16:59:05][null][SELECT * FROM usuarios WHERE nombreUsuario='admin' AND claveUsuario = SHA2('Studium2020;',256);]
[08/06/2021 16:59:09][admin][SELECT * FROM empleados]
[08/06/2021 16:59:09][admin][SELECT * FROM empleados]
[08/06/2021 17:02:48][null][SELECT * FROM usuarios WHERE nombreUsuario='admin' AND claveUsuario = SHA2('Studium2020;',256);]
[08/06/2021 17:02:52][admin][SELECT * FROM empleados;]
[08/06/2021 17:02:54][admin][SELECT * FROM empleados;]
[08/06/2021 17:02:54][admin][Generacion PDF Empleados]
[08/06/2021 17:12:02][null][SELECT * FROM usuarios WHERE nombreUsuario='admin' AND claveUsuario = SHA2('Studium2020;',256);]
[08/06/2021 17:12:04][admin][SELECT * FROM clientes]
[08/06/2021 17:12:07][admin][SELECT * FROM clientes;]
[08/06/2021 17:12:07][admin][Generacion PDF clientes]
[08/06/2021 17:22:45][admin][INSERT INTO empleados VALUES (null, 'Fran', 'Triana', '654654654')]
[08/06/2021 17:26:00][admin][DELETE FROM empleados WHERE idEmpleado = 12]
[08/06/2021 17:30:19][admin][SELECT * FROM Empleados]
[08/06/2021 17:31:37][admin][UPDATE empleados SET nombreEmpleado='a', direccionEmpleado='a', telefonoEmpleado='695695695' WHERE idEmpleado=13]
[08/06/2021 17:34:13][admin][SELECT * FROM empleados;]
[08/06/2021 17:35:07][admin][SELECT * FROM empleados;]
[08/06/2021 17:35:07][admin][Generacion PDF Empleados]
[08/06/2021 17:38:14][admin][INSERT INTO producto VALUES (null, 'pan', '1,50')]
[08/06/2021 17:41:28][admin][SELECT * FROM producto]
[08/06/2021 17:45:03][admin][SELECT * FROM producto]
[08/06/2021 17:46:04][admin][UPDATE producto SET nombreProducto='gambas al ajillo', precioProducto='10.00' WHERE idProducto=3]
[08/06/2021 17:47:52][admin][SELECT * FROM producto;]
[08/06/2021 17:48:12][admin][SELECT * FROM producto;]
[08/06/2021 17:48:12][admin][Generacion PDF Productos]
[08/06/2021 17:50:35][admin][SELECT * FROM empleados]
[08/06/2021 17:50:35][admin][SELECT * FROM empleados]
[08/06/2021 17:53:00][admin][SELECT * FROM servido]
[08/06/2021 18:05:45][admin][select idServido, numeroMesa, nombreEmpleado, nombreCliente, apellidosCliente
from servido
join clientes on clientes.idCliente = servido.idClienteFK
join empleados on empleados.idEmpleado = servido.idEmpleadoFK;]
[08/06/2021 18:06:32][admin][UPDATE servido SET numeroMesa='39', idEmpleadoFK='13', idClienteFK='1' WHERE idServido=9]
[08/06/2021 18:09:52][admin][SELECT * FROM servido]
[08/06/2021 18:10:08][admin][SELECT * FROM servido;]
[08/06/2021 18:10:08][admin][Generacion PDF Empleados]
[08/06/2021 18:10:52][admin][INSERT INTO producto VALUES (null, 'pan', '4')]
[09/06/2021 10:14:36][null][SELECT * FROM usuarios WHERE nombreUsuario='admin' AND claveUsuario = SHA2('Studium2020;',256);]
[09/06/2021 10:37:53][null][SELECT * FROM usuarios WHERE nombreUsuario='admin' AND claveUsuario = SHA2('Studium2020;',256);]
[09/06/2021 10:38:20][null][SELECT * FROM usuarios WHERE nombreUsuario='admin' AND claveUsuario = SHA2('Studium2020;',256);]
[09/06/2021 10:38:49][null][SELECT * FROM usuarios WHERE nombreUsuario='admin' AND claveUsuario = SHA2('Studium2020;',256);]
[09/06/2021 10:40:00][null][SELECT * FROM usuarios WHERE nombreUsuario='admin' AND claveUsuario = SHA2('Studium2020;',256);]
[09/06/2021 10:40:30][null][SELECT * FROM usuarios WHERE nombreUsuario='admin' AND claveUsuario = SHA2('Studium2020;',256);]
[09/06/2021 10:41:13][null][SELECT * FROM usuarios WHERE nombreUsuario='admin' AND claveUsuario = SHA2('Studium2020;',256);]
[09/06/2021 10:41:52][null][SELECT * FROM usuarios WHERE nombreUsuario='admin' AND claveUsuario = SHA2('Studium2020;',256);]
[09/06/2021 10:44:53][null][SELECT * FROM usuarios WHERE nombreUsuario='admin' AND claveUsuario = SHA2('Studium2020;',256);]
[09/06/2021 10:47:43][null][SELECT * FROM usuarios WHERE nombreUsuario='admin' AND claveUsuario = SHA2('Studium2020;',256);]
[09/06/2021 10:47:59][admin][SELECT * FROM servido]
[09/06/2021 10:48:02][admin][SELECT * FROM servido]
[09/06/2021 10:48:03][admin][SELECT * FROM servido;]
[09/06/2021 10:48:03][admin][Generacion PDF Empleados]
[09/06/2021 10:48:40][null][SELECT * FROM usuarios WHERE nombreUsuario='admin' AND claveUsuario = SHA2('Studium2020;',256);]
[09/06/2021 10:48:54][admin][INSERT INTO producto VALUES (null, 'ensalada', '4.00')]
[09/06/2021 10:49:20][null][SELECT * FROM usuarios WHERE nombreUsuario='admin' AND claveUsuario = SHA2('Studium2020;',256);]
[09/06/2021 10:49:59][null][SELECT * FROM usuarios WHERE nombreUsuario='admin' AND claveUsuario = SHA2('Studium2020;',256);]
[09/06/2021 10:50:24][null][SELECT * FROM usuarios WHERE nombreUsuario='admin' AND claveUsuario = SHA2('Studium2020;',256);]
[09/06/2021 10:51:32][null][SELECT * FROM usuarios WHERE nombreUsuario='admin' AND claveUsuario = SHA2('Studium2020;',256);]
[09/06/2021 11:42:36][null][SELECT * FROM usuarios WHERE nombreUsuario='admin' AND claveUsuario = SHA2('Studium2020;',256);]
[09/06/2021 11:43:11][null][SELECT * FROM usuarios WHERE nombreUsuario='admin' AND claveUsuario = SHA2('Studium2020;',256);]
[09/06/2021 11:43:44][null][SELECT * FROM usuarios WHERE nombreUsuario='admin' AND claveUsuario = SHA2('Studium2020;',256);]
[09/06/2021 11:44:41][null][SELECT * FROM usuarios WHERE nombreUsuario='admin' AND claveUsuario = SHA2('Studium2020;',256);]
[09/06/2021 11:46:03][null][SELECT * FROM usuarios WHERE nombreUsuario='admin' AND claveUsuario = SHA2('Studium2020;',256);]
[09/06/2021 11:47:40][null][SELECT * FROM usuarios WHERE nombreUsuario='admin' AND claveUsuario = SHA2('Studium2020;',256);]
[09/06/2021 11:49:19][null][SELECT * FROM usuarios WHERE nombreUsuario='admin' AND claveUsuario = SHA2('Studium2020;',256);]
